Determining if the pthread_create exist failed with the following output:
Change Dir: /home/CIN/hawn/Downloads/emotion/Emotion-Recognition/build/CMakeFiles/CMakeTmp

Run Build Command:/usr/bin/make "cmTryCompileExec3052619740/fast"
/usr/bin/make -f CMakeFiles/cmTryCompileExec3052619740.dir/build.make CMakeFiles/cmTryCompileExec3052619740.dir/build
make[1]: Entering directory `/home/CIN/hawn/Downloads/emotion/Emotion-Recognition/build/CMakeFiles/CMakeTmp'
/usr/bin/cmake -E cmake_progress_report /home/CIN/hawn/Downloads/emotion/Emotion-Recognition/build/CMakeFiles/CMakeTmp/CMakeFiles 1
Building C object CMakeFiles/cmTryCompileExec3052619740.dir/CheckSymbolExists.c.o
/usr/bin/cc    -o CMakeFiles/cmTryCompileExec3052619740.dir/CheckSymbolExists.c.o   -c /home/CIN/hawn/Downloads/emotion/Emotion-Recognition/build/CMakeFiles/CMakeTmp/CheckSymbolExists.c
Linking C executable cmTryCompileExec3052619740
/usr/bin/cmake -E cmake_link_script CMakeFiles/cmTryCompileExec3052619740.dir/link.txt --verbose=1
/usr/bin/cc       CMakeFiles/cmTryCompileExec3052619740.dir/CheckSymbolExists.c.o  -o cmTryCompileExec3052619740 -rdynamic 
CMakeFiles/cmTryCompileExec3052619740.dir/CheckSymbolExists.c.o: In function `main':
CheckSymbolExists.c:(.text+0x16): undefined reference to `pthread_create'
collect2: error: ld returned 1 exit status
make[1]: *** [cmTryCompileExec3052619740] Error 1
make[1]: Leaving directory `/home/CIN/hawn/Downloads/emotion/Emotion-Recognition/build/CMakeFiles/CMakeTmp'
make: *** [cmTryCompileExec3052619740/fast] Error 2

File /home/CIN/hawn/Downloads/emotion/Emotion-Recognition/build/CMakeFiles/CMakeTmp/CheckSymbolExists.c:
/* */
#include <pthread.h>

int main(int argc, char** argv)
{
  (void)argv;
#ifndef pthread_create
  return ((int*)(&pthread_create))[argc];
#else
  (void)argc;
  return 0;
#endif
}

Determining if the function pthread_create exists in the pthreads failed with the following output:
Change Dir: /home/CIN/hawn/Downloads/emotion/Emotion-Recognition/build/CMakeFiles/CMakeTmp

Run Build Command:/usr/bin/make "cmTryCompileExec1849375293/fast"
/usr/bin/make -f CMakeFiles/cmTryCompileExec1849375293.dir/build.make CMakeFiles/cmTryCompileExec1849375293.dir/build
make[1]: Entering directory `/home/CIN/hawn/Downloads/emotion/Emotion-Recognition/build/CMakeFiles/CMakeTmp'
/usr/bin/cmake -E cmake_progress_report /home/CIN/hawn/Downloads/emotion/Emotion-Recognition/build/CMakeFiles/CMakeTmp/CMakeFiles 1
Building C object CMakeFiles/cmTryCompileExec1849375293.dir/CheckFunctionExists.c.o
/usr/bin/cc   -DCHECK_FUNCTION_EXISTS=pthread_create   -o CMakeFiles/cmTryCompileExec1849375293.dir/CheckFunctionExists.c.o   -c /usr/share/cmake-2.8/Modules/CheckFunctionExists.c
Linking C executable cmTryCompileExec1849375293
/usr/bin/cmake -E cmake_link_script CMakeFiles/cmTryCompileExec1849375293.dir/link.txt --verbose=1
/usr/bin/cc   -DCHECK_FUNCTION_EXISTS=pthread_create    CMakeFiles/cmTryCompileExec1849375293.dir/CheckFunctionExists.c.o  -o cmTryCompileExec1849375293 -rdynamic -lpthreads 
/usr/bin/ld: cannot find -lpthreads
collect2: error: ld returned 1 exit status
make[1]: *** [cmTryCompileExec1849375293] Error 1
make[1]: Leaving directory `/home/CIN/hawn/Downloads/emotion/Emotion-Recognition/build/CMakeFiles/CMakeTmp'
make: *** [cmTryCompileExec1849375293/fast] Error 2


